<?xml version="1.0" encoding="UTF-8"?>
<!-- Generated by org.testng.reporters.JUnitReportReporter -->
<testsuite hostname="GA69MLP000197" name="com.honeywell.testcases.executor.TestCasesExecutor" tests="1" failures="0" timestamp="6 Feb 2020 18:58:30 GMT" time="36.414" errors="0">
  <testcase name="test" time="36.414" classname="com.honeywell.testcases.executor.TestCasesExecutor"/>
</testsuite> <!-- com.honeywell.testcases.executor.TestCasesExecutor -->
